{"E:\\me\\gestion-candidat-frontend\\src\\api\\clients.ts": {"path":"E:\\me\\gestion-candidat-frontend\\src\\api\\clients.ts","statementMap":{"0":{"start":{"line":3,"column":19},"end":{"line":5,"column":2}},"1":{"start":{"line":7,"column":0},"end":{"line":15,"column":null}},"2":{"start":{"line":8,"column":16},"end":{"line":8,"column":45}},"3":{"start":{"line":10,"column":2},"end":{"line":11,"column":null}},"4":{"start":{"line":11,"column":4},"end":{"line":11,"column":null}},"5":{"start":{"line":14,"column":2},"end":{"line":14,"column":null}}},"fnMap":{"0":{"name":"(anonymous_0)","decl":{"start":{"line":7,"column":25},"end":{"line":7,"column":30}},"loc":{"start":{"line":7,"column":41},"end":{"line":15,"column":null}},"line":7}},"branchMap":{"0":{"loc":{"start":{"line":10,"column":2},"end":{"line":11,"column":null}},"type":"if","locations":[{"start":{"line":10,"column":2},"end":{"line":11,"column":null}},{"start":{},"end":{}}],"line":10}},"s":{"0":2,"1":2,"2":5,"3":5,"4":0,"5":5},"f":{"0":5},"b":{"0":[0,5]},"meta":{"lastBranch":1,"lastFunction":1,"lastStatement":6,"seen":{"s:3:19:5:2":0,"s:7:0:15:Infinity":1,"f:7:25:7:30":0,"s:8:16:8:45":2,"b:10:2:11:Infinity:undefined:undefined:undefined:undefined":0,"s:10:2:11:Infinity":3,"s:11:4:11:Infinity":4,"s:14:2:14:Infinity":5}}}
,"E:\\me\\gestion-candidat-frontend\\src\\components\\Navbar.tsx": {"path":"E:\\me\\gestion-candidat-frontend\\src\\components\\Navbar.tsx","statementMap":{"0":{"start":{"line":4,"column":8},"end":{"line":4,"column":32}},"1":{"start":{"line":6,"column":8},"end":{"line":8,"column":null}},"2":{"start":{"line":7,"column":4},"end":{"line":7,"column":null}},"3":{"start":{"line":8,"column":4},"end":{"line":8,"column":null}},"4":{"start":{"line":11,"column":2},"end":{"line":50,"column":null}}},"fnMap":{"0":{"name":"Navbar","decl":{"start":{"line":3,"column":24},"end":{"line":3,"column":33}},"loc":{"start":{"line":3,"column":33},"end":{"line":50,"column":null}},"line":3},"1":{"name":"(anonymous_1)","decl":{"start":{"line":6,"column":8},"end":{"line":6,"column":23}},"loc":{"start":{"line":6,"column":23},"end":{"line":8,"column":null}},"line":6}},"branchMap":{},"s":{"0":7,"1":7,"2":0,"3":0,"4":7},"f":{"0":7,"1":0},"b":{},"meta":{"lastBranch":0,"lastFunction":2,"lastStatement":5,"seen":{"f:3:24:3:33":0,"s:4:8:4:32":0,"s:6:8:8:Infinity":1,"f:6:8:6:23":1,"s:7:4:7:Infinity":2,"s:8:4:8:Infinity":3,"s:11:2:50:Infinity":4}}}
,"E:\\me\\gestion-candidat-frontend\\src\\mocks\\handlers.ts": {"path":"E:\\me\\gestion-candidat-frontend\\src\\mocks\\handlers.ts","statementMap":{"0":{"start":{"line":3,"column":24},"end":{"line":28,"column":null}},"1":{"start":{"line":6,"column":4},"end":{"line":6,"column":null}},"2":{"start":{"line":11,"column":4},"end":{"line":13,"column":null}},"3":{"start":{"line":18,"column":4},"end":{"line":18,"column":null}},"4":{"start":{"line":25,"column":6},"end":{"line":25,"column":null}}},"fnMap":{"0":{"name":"(anonymous_0)","decl":{"start":{"line":5,"column":58},"end":{"line":5,"column":70}},"loc":{"start":{"line":5,"column":70},"end":{"line":7,"column":null}},"line":5},"1":{"name":"(anonymous_1)","decl":{"start":{"line":10,"column":57},"end":{"line":10,"column":69}},"loc":{"start":{"line":10,"column":69},"end":{"line":14,"column":null}},"line":10},"2":{"name":"(anonymous_2)","decl":{"start":{"line":17,"column":58},"end":{"line":17,"column":70}},"loc":{"start":{"line":17,"column":70},"end":{"line":19,"column":null}},"line":17},"3":{"name":"(anonymous_3)","decl":{"start":{"line":24,"column":4},"end":{"line":24,"column":16}},"loc":{"start":{"line":24,"column":16},"end":{"line":25,"column":null}},"line":24}},"branchMap":{},"s":{"0":2,"1":1,"2":2,"3":0,"4":0},"f":{"0":1,"1":2,"2":0,"3":0},"b":{},"meta":{"lastBranch":0,"lastFunction":4,"lastStatement":5,"seen":{"s:3:24:28:Infinity":0,"f:5:58:5:70":0,"s:6:4:6:Infinity":1,"f:10:57:10:69":1,"s:11:4:13:Infinity":2,"f:17:58:17:70":2,"s:18:4:18:Infinity":3,"f:24:4:24:16":3,"s:25:6:25:Infinity":4}}}
,"E:\\me\\gestion-candidat-frontend\\src\\mocks\\server.ts": {"path":"E:\\me\\gestion-candidat-frontend\\src\\mocks\\server.ts","statementMap":{"0":{"start":{"line":4,"column":13},"end":{"line":4,"column":46}}},"fnMap":{},"branchMap":{},"s":{"0":2},"f":{},"b":{},"meta":{"lastBranch":0,"lastFunction":0,"lastStatement":1,"seen":{"s:4:13:4:46":0}}}
,"E:\\me\\gestion-candidat-frontend\\src\\pages\\Candidates.tsx": {"path":"E:\\me\\gestion-candidat-frontend\\src\\pages\\Candidates.tsx","statementMap":{"0":{"start":{"line":9,"column":8},"end":{"line":9,"column":38}},"1":{"start":{"line":10,"column":21},"end":{"line":10,"column":67}},"2":{"start":{"line":11,"column":21},"end":{"line":11,"column":50}},"3":{"start":{"line":12,"column":19},"end":{"line":12,"column":46}},"4":{"start":{"line":14,"column":16},"end":{"line":20,"column":4}},"5":{"start":{"line":17,"column":18},"end":{"line":17,"column":46}},"6":{"start":{"line":18,"column":6},"end":{"line":18,"column":null}},"7":{"start":{"line":22,"column":8},"end":{"line":37,"column":4}},"8":{"start":{"line":23,"column":32},"end":{"line":23,"column":63}},"9":{"start":{"line":24,"column":22},"end":{"line":24,"column":39}},"10":{"start":{"line":26,"column":6},"end":{"line":26,"column":null}},"11":{"start":{"line":27,"column":6},"end":{"line":27,"column":null}},"12":{"start":{"line":28,"column":6},"end":{"line":28,"column":null}},"13":{"start":{"line":29,"column":6},"end":{"line":29,"column":null}},"14":{"start":{"line":29,"column":23},"end":{"line":29,"column":40}},"15":{"start":{"line":32,"column":6},"end":{"line":32,"column":null}},"16":{"start":{"line":33,"column":6},"end":{"line":33,"column":null}},"17":{"start":{"line":34,"column":6},"end":{"line":34,"column":null}},"18":{"start":{"line":34,"column":23},"end":{"line":34,"column":38}},"19":{"start":{"line":36,"column":21},"end":{"line":36,"column":null}},"20":{"start":{"line":39,"column":2},"end":{"line":147,"column":null}},"21":{"start":{"line":107,"column":14},"end":{"line":145,"column":null}},"22":{"start":{"line":130,"column":35},"end":{"line":130,"column":63}}},"fnMap":{"0":{"name":"Candidates","decl":{"start":{"line":8,"column":24},"end":{"line":8,"column":37}},"loc":{"start":{"line":8,"column":37},"end":{"line":147,"column":null}},"line":8},"1":{"name":"(anonymous_1)","decl":{"start":{"line":16,"column":13},"end":{"line":16,"column":25}},"loc":{"start":{"line":16,"column":25},"end":{"line":18,"column":null}},"line":16},"2":{"name":"(anonymous_2)","decl":{"start":{"line":23,"column":4},"end":{"line":23,"column":17}},"loc":{"start":{"line":23,"column":32},"end":{"line":23,"column":63}},"line":23},"3":{"name":"(anonymous_3)","decl":{"start":{"line":24,"column":4},"end":{"line":24,"column":15}},"loc":{"start":{"line":24,"column":22},"end":{"line":24,"column":39}},"line":24},"4":{"name":"(anonymous_4)","decl":{"start":{"line":25,"column":4},"end":{"line":25,"column":16}},"loc":{"start":{"line":25,"column":24},"end":{"line":29,"column":null}},"line":25},"5":{"name":"(anonymous_5)","decl":{"start":{"line":29,"column":6},"end":{"line":29,"column":23}},"loc":{"start":{"line":29,"column":23},"end":{"line":29,"column":40}},"line":29},"6":{"name":"(anonymous_6)","decl":{"start":{"line":31,"column":4},"end":{"line":31,"column":14}},"loc":{"start":{"line":31,"column":22},"end":{"line":34,"column":null}},"line":31},"7":{"name":"(anonymous_7)","decl":{"start":{"line":34,"column":6},"end":{"line":34,"column":23}},"loc":{"start":{"line":34,"column":23},"end":{"line":34,"column":38}},"line":34},"8":{"name":"(anonymous_8)","decl":{"start":{"line":36,"column":4},"end":{"line":36,"column":21}},"loc":{"start":{"line":36,"column":21},"end":{"line":36,"column":null}},"line":36},"9":{"name":"(anonymous_9)","decl":{"start":{"line":106,"column":18},"end":{"line":106,"column":23}},"loc":{"start":{"line":107,"column":14},"end":{"line":145,"column":null}},"line":107},"10":{"name":"(anonymous_10)","decl":{"start":{"line":130,"column":20},"end":{"line":130,"column":35}},"loc":{"start":{"line":130,"column":35},"end":{"line":130,"column":63}},"line":130}},"branchMap":{"0":{"loc":{"start":{"line":52,"column":15},"end":{"line":52,"column":33}},"type":"binary-expr","locations":[{"start":{"line":52,"column":15},"end":{"line":52,"column":31}},{"start":{"line":52,"column":31},"end":{"line":52,"column":33}}],"line":52},"1":{"loc":{"start":{"line":52,"column":43},"end":{"line":52,"column":73}},"type":"cond-expr","locations":[{"start":{"line":52,"column":64},"end":{"line":52,"column":70}},{"start":{"line":52,"column":70},"end":{"line":52,"column":73}}],"line":52},"2":{"loc":{"start":{"line":52,"column":85},"end":{"line":52,"column":null}},"type":"cond-expr","locations":[{"start":{"line":52,"column":106},"end":{"line":52,"column":112}},{"start":{"line":52,"column":112},"end":{"line":52,"column":null}}],"line":52},"3":{"loc":{"start":{"line":66,"column":9},"end":{"line":71,"column":null}},"type":"binary-expr","locations":[{"start":{"line":66,"column":9},"end":{"line":66,"column":null}},{"start":{"line":67,"column":10},"end":{"line":71,"column":null}}],"line":66},"4":{"loc":{"start":{"line":74,"column":9},"end":{"line":79,"column":null}},"type":"binary-expr","locations":[{"start":{"line":74,"column":9},"end":{"line":74,"column":null}},{"start":{"line":75,"column":10},"end":{"line":79,"column":null}}],"line":74},"5":{"loc":{"start":{"line":83,"column":9},"end":{"line":86,"column":null}},"type":"binary-expr","locations":[{"start":{"line":83,"column":9},"end":{"line":83,"column":null}},{"start":{"line":84,"column":10},"end":{"line":86,"column":null}}],"line":83},"6":{"loc":{"start":{"line":90,"column":9},"end":{"line":100,"column":null}},"type":"binary-expr","locations":[{"start":{"line":90,"column":9},"end":{"line":90,"column":23}},{"start":{"line":90,"column":23},"end":{"line":90,"column":null}},{"start":{"line":91,"column":10},"end":{"line":100,"column":null}}],"line":90},"7":{"loc":{"start":{"line":104,"column":9},"end":{"line":147,"column":null}},"type":"binary-expr","locations":[{"start":{"line":104,"column":9},"end":{"line":104,"column":23}},{"start":{"line":104,"column":23},"end":{"line":104,"column":null}},{"start":{"line":105,"column":10},"end":{"line":147,"column":null}}],"line":104},"8":{"loc":{"start":{"line":114,"column":21},"end":{"line":114,"column":null}},"type":"binary-expr","locations":[{"start":{"line":114,"column":21},"end":{"line":114,"column":53}},{"start":{"line":114,"column":57},"end":{"line":114,"column":null}}],"line":114},"9":{"loc":{"start":{"line":118,"column":21},"end":{"line":119,"column":null}},"type":"binary-expr","locations":[{"start":{"line":118,"column":21},"end":{"line":118,"column":32}},{"start":{"line":118,"column":32},"end":{"line":119,"column":null}}],"line":118},"10":{"loc":{"start":{"line":134,"column":21},"end":{"line":142,"column":null}},"type":"cond-expr","locations":[{"start":{"line":135,"column":22},"end":{"line":142,"column":null}},{"start":{"line":142,"column":24},"end":{"line":142,"column":null}}],"line":134}},"s":{"0":8,"1":8,"2":8,"3":8,"4":8,"5":3,"6":3,"7":8,"8":1,"9":1,"10":0,"11":0,"12":0,"13":0,"14":0,"15":1,"16":1,"17":1,"18":0,"19":1,"20":8,"21":4,"22":1},"f":{"0":8,"1":3,"2":1,"3":1,"4":0,"5":0,"6":1,"7":0,"8":1,"9":4,"10":1},"b":{"0":[8,3],"1":[4,4],"2":[4,4],"3":[8,0],"4":[8,2],"5":[8,3],"6":[8,5,1],"7":[8,5,4],"8":[4,0],"9":[4,4],"10":[1,3]},"meta":{"lastBranch":11,"lastFunction":11,"lastStatement":23,"seen":{"f:8:24:8:37":0,"s:9:8:9:38":0,"s:10:21:10:67":1,"s:11:21:11:50":2,"s:12:19:12:46":3,"s:14:16:20:4":4,"f:16:13:16:25":1,"s:17:18:17:46":5,"s:18:6:18:Infinity":6,"s:22:8:37:4":7,"f:23:4:23:17":2,"s:23:32:23:63":8,"f:24:4:24:15":3,"s:24:22:24:39":9,"f:25:4:25:16":4,"s:26:6:26:Infinity":10,"s:27:6:27:Infinity":11,"s:28:6:28:Infinity":12,"s:29:6:29:Infinity":13,"f:29:6:29:23":5,"s:29:23:29:40":14,"f:31:4:31:14":6,"s:32:6:32:Infinity":15,"s:33:6:33:Infinity":16,"s:34:6:34:Infinity":17,"f:34:6:34:23":7,"s:34:23:34:38":18,"f:36:4:36:21":8,"s:36:21:36:Infinity":19,"s:39:2:147:Infinity":20,"b:52:15:52:31:52:31:52:33":0,"b:52:64:52:70:52:70:52:73":1,"b:52:106:52:112:52:112:52:Infinity":2,"b:66:9:66:Infinity:67:10:71:Infinity":3,"b:74:9:74:Infinity:75:10:79:Infinity":4,"b:83:9:83:Infinity:84:10:86:Infinity":5,"b:90:9:90:23:90:23:90:Infinity:91:10:100:Infinity":6,"b:104:9:104:23:104:23:104:Infinity:105:10:147:Infinity":7,"f:106:18:106:23":9,"s:107:14:145:Infinity":21,"b:114:21:114:53:114:57:114:Infinity":8,"b:118:21:118:32:118:32:119:Infinity":9,"f:130:20:130:35":10,"s:130:35:130:63":22,"b:135:22:142:Infinity:142:24:142:Infinity":10}}}
,"E:\\me\\gestion-candidat-frontend\\src\\pages\\Login.tsx": {"path":"E:\\me\\gestion-candidat-frontend\\src\\pages\\Login.tsx","statementMap":{"0":{"start":{"line":7,"column":8},"end":{"line":7,"column":32}},"1":{"start":{"line":9,"column":16},"end":{"line":9,"column":54}},"2":{"start":{"line":10,"column":19},"end":{"line":10,"column":50}},"3":{"start":{"line":11,"column":18},"end":{"line":11,"column":47}},"4":{"start":{"line":12,"column":16},"end":{"line":12,"column":40}},"5":{"start":{"line":14,"column":22},"end":{"line":25,"column":null}},"6":{"start":{"line":15,"column":4},"end":{"line":25,"column":null}},"7":{"start":{"line":16,"column":6},"end":{"line":16,"column":null}},"8":{"start":{"line":17,"column":6},"end":{"line":17,"column":null}},"9":{"start":{"line":19,"column":18},"end":{"line":19,"column":68}},"10":{"start":{"line":20,"column":6},"end":{"line":20,"column":null}},"11":{"start":{"line":21,"column":6},"end":{"line":21,"column":null}},"12":{"start":{"line":23,"column":6},"end":{"line":23,"column":null}},"13":{"start":{"line":25,"column":6},"end":{"line":25,"column":null}},"14":{"start":{"line":29,"column":2},"end":{"line":101,"column":null}},"15":{"start":{"line":65,"column":33},"end":{"line":65,"column":57}},"16":{"start":{"line":77,"column":33},"end":{"line":77,"column":60}},"17":{"start":{"line":78,"column":34},"end":{"line":78,"column":68}}},"fnMap":{"0":{"name":"Login","decl":{"start":{"line":6,"column":24},"end":{"line":6,"column":32}},"loc":{"start":{"line":6,"column":32},"end":{"line":101,"column":null}},"line":6},"1":{"name":"(anonymous_1)","decl":{"start":{"line":14,"column":22},"end":{"line":14,"column":34}},"loc":{"start":{"line":14,"column":34},"end":{"line":25,"column":null}},"line":14},"2":{"name":"(anonymous_2)","decl":{"start":{"line":65,"column":16},"end":{"line":65,"column":27}},"loc":{"start":{"line":65,"column":33},"end":{"line":65,"column":57}},"line":65},"3":{"name":"(anonymous_3)","decl":{"start":{"line":77,"column":16},"end":{"line":77,"column":27}},"loc":{"start":{"line":77,"column":33},"end":{"line":77,"column":60}},"line":77},"4":{"name":"(anonymous_4)","decl":{"start":{"line":78,"column":16},"end":{"line":78,"column":28}},"loc":{"start":{"line":78,"column":34},"end":{"line":78,"column":68}},"line":78}},"branchMap":{"0":{"loc":{"start":{"line":48,"column":11},"end":{"line":53,"column":null}},"type":"binary-expr","locations":[{"start":{"line":48,"column":11},"end":{"line":48,"column":null}},{"start":{"line":49,"column":12},"end":{"line":53,"column":null}}],"line":48},"1":{"loc":{"start":{"line":78,"column":34},"end":{"line":78,"column":68}},"type":"binary-expr","locations":[{"start":{"line":78,"column":34},"end":{"line":78,"column":55}},{"start":{"line":78,"column":55},"end":{"line":78,"column":68}}],"line":78},"2":{"loc":{"start":{"line":90,"column":13},"end":{"line":98,"column":null}},"type":"cond-expr","locations":[{"start":{"line":91,"column":14},"end":{"line":98,"column":null}},{"start":{"line":98,"column":16},"end":{"line":98,"column":null}}],"line":90}},"s":{"0":4,"1":4,"2":4,"3":4,"4":4,"5":4,"6":1,"7":1,"8":1,"9":1,"10":1,"11":1,"12":0,"13":1,"14":4,"15":0,"16":0,"17":0},"f":{"0":4,"1":1,"2":0,"3":0,"4":0},"b":{"0":[4,0],"1":[0,0],"2":[1,3]},"meta":{"lastBranch":3,"lastFunction":5,"lastStatement":18,"seen":{"f:6:24:6:32":0,"s:7:8:7:32":0,"s:9:16:9:54":1,"s:10:19:10:50":2,"s:11:18:11:47":3,"s:12:16:12:40":4,"s:14:22:25:Infinity":5,"f:14:22:14:34":1,"s:15:4:25:Infinity":6,"s:16:6:16:Infinity":7,"s:17:6:17:Infinity":8,"s:19:18:19:68":9,"s:20:6:20:Infinity":10,"s:21:6:21:Infinity":11,"s:23:6:23:Infinity":12,"s:25:6:25:Infinity":13,"s:29:2:101:Infinity":14,"b:48:11:48:Infinity:49:12:53:Infinity":0,"f:65:16:65:27":2,"s:65:33:65:57":15,"f:77:16:77:27":3,"s:77:33:77:60":16,"f:78:16:78:28":4,"s:78:34:78:68":17,"b:78:34:78:55:78:55:78:68":1,"b:91:14:98:Infinity:98:16:98:Infinity":2}}}
,"E:\\me\\gestion-candidat-frontend\\src\\utils\\Apierror.ts": {"path":"E:\\me\\gestion-candidat-frontend\\src\\utils\\Apierror.ts","statementMap":{"0":{"start":{"line":3,"column":2},"end":{"line":3,"column":null}},"1":{"start":{"line":3,"column":39},"end":{"line":3,"column":null}},"2":{"start":{"line":5,"column":19},"end":{"line":5,"column":null}},"3":{"start":{"line":6,"column":15},"end":{"line":6,"column":null}},"4":{"start":{"line":8,"column":2},"end":{"line":8,"column":null}},"5":{"start":{"line":8,"column":13},"end":{"line":8,"column":null}},"6":{"start":{"line":11,"column":2},"end":{"line":11,"column":null}},"7":{"start":{"line":11,"column":47},"end":{"line":11,"column":null}},"8":{"start":{"line":13,"column":2},"end":{"line":28,"column":null}},"9":{"start":{"line":14,"column":14},"end":{"line":14,"column":null}},"10":{"start":{"line":17,"column":4},"end":{"line":17,"column":null}},"11":{"start":{"line":17,"column":59},"end":{"line":17,"column":null}},"12":{"start":{"line":20,"column":4},"end":{"line":20,"column":null}},"13":{"start":{"line":20,"column":55},"end":{"line":20,"column":null}},"14":{"start":{"line":23,"column":4},"end":{"line":28,"column":null}},"15":{"start":{"line":24,"column":20},"end":{"line":24,"column":null}},"16":{"start":{"line":25,"column":6},"end":{"line":25,"column":null}},"17":{"start":{"line":25,"column":37},"end":{"line":25,"column":null}},"18":{"start":{"line":27,"column":6},"end":{"line":28,"column":null}},"19":{"start":{"line":28,"column":8},"end":{"line":28,"column":null}},"20":{"start":{"line":33,"column":2},"end":{"line":33,"column":null}},"21":{"start":{"line":38,"column":2},"end":{"line":38,"column":null}},"22":{"start":{"line":38,"column":39},"end":{"line":38,"column":null}},"23":{"start":{"line":40,"column":12},"end":{"line":40,"column":null}},"24":{"start":{"line":41,"column":15},"end":{"line":41,"column":null}},"25":{"start":{"line":43,"column":2},"end":{"line":43,"column":null}},"26":{"start":{"line":43,"column":13},"end":{"line":43,"column":null}},"27":{"start":{"line":44,"column":2},"end":{"line":44,"column":null}},"28":{"start":{"line":44,"column":47},"end":{"line":44,"column":null}},"29":{"start":{"line":46,"column":2},"end":{"line":49,"column":null}},"30":{"start":{"line":47,"column":14},"end":{"line":47,"column":null}},"31":{"start":{"line":48,"column":4},"end":{"line":48,"column":null}},"32":{"start":{"line":48,"column":59},"end":{"line":48,"column":null}},"33":{"start":{"line":49,"column":4},"end":{"line":49,"column":null}},"34":{"start":{"line":49,"column":59},"end":{"line":49,"column":null}},"35":{"start":{"line":52,"column":2},"end":{"line":52,"column":null}}},"fnMap":{"0":{"name":"extractApiError","decl":{"start":{"line":2,"column":16},"end":{"line":2,"column":32}},"loc":{"start":{"line":2,"column":104},"end":{"line":33,"column":null}},"line":2},"1":{"name":"extractApiSuccess","decl":{"start":{"line":37,"column":16},"end":{"line":37,"column":34}},"loc":{"start":{"line":37,"column":89},"end":{"line":52,"column":null}},"line":37}},"branchMap":{"0":{"loc":{"start":{"line":2,"column":46},"end":{"line":2,"column":104}},"type":"default-arg","locations":[{"start":{"line":2,"column":57},"end":{"line":2,"column":104}}],"line":2},"1":{"loc":{"start":{"line":3,"column":2},"end":{"line":3,"column":null}},"type":"if","locations":[{"start":{"line":3,"column":2},"end":{"line":3,"column":null}},{"start":{},"end":{}}],"line":3},"2":{"loc":{"start":{"line":3,"column":6},"end":{"line":3,"column":39}},"type":"binary-expr","locations":[{"start":{"line":3,"column":6},"end":{"line":3,"column":14}},{"start":{"line":3,"column":14},"end":{"line":3,"column":39}}],"line":3},"3":{"loc":{"start":{"line":8,"column":2},"end":{"line":8,"column":null}},"type":"if","locations":[{"start":{"line":8,"column":2},"end":{"line":8,"column":null}},{"start":{},"end":{}}],"line":8},"4":{"loc":{"start":{"line":11,"column":2},"end":{"line":11,"column":null}},"type":"if","locations":[{"start":{"line":11,"column":2},"end":{"line":11,"column":null}},{"start":{},"end":{}}],"line":11},"5":{"loc":{"start":{"line":11,"column":6},"end":{"line":11,"column":45}},"type":"binary-expr","locations":[{"start":{"line":11,"column":6},"end":{"line":11,"column":34}},{"start":{"line":11,"column":34},"end":{"line":11,"column":45}}],"line":11},"6":{"loc":{"start":{"line":13,"column":2},"end":{"line":28,"column":null}},"type":"if","locations":[{"start":{"line":13,"column":2},"end":{"line":28,"column":null}},{"start":{},"end":{}}],"line":13},"7":{"loc":{"start":{"line":13,"column":6},"end":{"line":13,"column":49}},"type":"binary-expr","locations":[{"start":{"line":13,"column":6},"end":{"line":13,"column":34}},{"start":{"line":13,"column":34},"end":{"line":13,"column":49}}],"line":13},"8":{"loc":{"start":{"line":17,"column":4},"end":{"line":17,"column":null}},"type":"if","locations":[{"start":{"line":17,"column":4},"end":{"line":17,"column":null}},{"start":{},"end":{}}],"line":17},"9":{"loc":{"start":{"line":17,"column":8},"end":{"line":17,"column":57}},"type":"binary-expr","locations":[{"start":{"line":17,"column":8},"end":{"line":17,"column":41}},{"start":{"line":17,"column":41},"end":{"line":17,"column":57}}],"line":17},"10":{"loc":{"start":{"line":20,"column":4},"end":{"line":20,"column":null}},"type":"if","locations":[{"start":{"line":20,"column":4},"end":{"line":20,"column":null}},{"start":{},"end":{}}],"line":20},"11":{"loc":{"start":{"line":20,"column":8},"end":{"line":20,"column":53}},"type":"binary-expr","locations":[{"start":{"line":20,"column":8},"end":{"line":20,"column":39}},{"start":{"line":20,"column":39},"end":{"line":20,"column":53}}],"line":20},"12":{"loc":{"start":{"line":23,"column":4},"end":{"line":28,"column":null}},"type":"if","locations":[{"start":{"line":23,"column":4},"end":{"line":28,"column":null}},{"start":{},"end":{}}],"line":23},"13":{"loc":{"start":{"line":25,"column":6},"end":{"line":25,"column":null}},"type":"if","locations":[{"start":{"line":25,"column":6},"end":{"line":25,"column":null}},{"start":{},"end":{}}],"line":25},"14":{"loc":{"start":{"line":27,"column":6},"end":{"line":28,"column":null}},"type":"if","locations":[{"start":{"line":27,"column":6},"end":{"line":28,"column":null}},{"start":{},"end":{}}],"line":27},"15":{"loc":{"start":{"line":27,"column":10},"end":{"line":27,"column":117}},"type":"binary-expr","locations":[{"start":{"line":27,"column":10},"end":{"line":27,"column":39}},{"start":{"line":27,"column":39},"end":{"line":27,"column":57}},{"start":{"line":27,"column":57},"end":{"line":27,"column":117}}],"line":27},"16":{"loc":{"start":{"line":37,"column":48},"end":{"line":37,"column":89}},"type":"default-arg","locations":[{"start":{"line":37,"column":59},"end":{"line":37,"column":89}}],"line":37},"17":{"loc":{"start":{"line":38,"column":2},"end":{"line":38,"column":null}},"type":"if","locations":[{"start":{"line":38,"column":2},"end":{"line":38,"column":null}},{"start":{},"end":{}}],"line":38},"18":{"loc":{"start":{"line":38,"column":6},"end":{"line":38,"column":39}},"type":"binary-expr","locations":[{"start":{"line":38,"column":6},"end":{"line":38,"column":14}},{"start":{"line":38,"column":14},"end":{"line":38,"column":39}}],"line":38},"19":{"loc":{"start":{"line":43,"column":2},"end":{"line":43,"column":null}},"type":"if","locations":[{"start":{"line":43,"column":2},"end":{"line":43,"column":null}},{"start":{},"end":{}}],"line":43},"20":{"loc":{"start":{"line":44,"column":2},"end":{"line":44,"column":null}},"type":"if","locations":[{"start":{"line":44,"column":2},"end":{"line":44,"column":null}},{"start":{},"end":{}}],"line":44},"21":{"loc":{"start":{"line":44,"column":6},"end":{"line":44,"column":45}},"type":"binary-expr","locations":[{"start":{"line":44,"column":6},"end":{"line":44,"column":34}},{"start":{"line":44,"column":34},"end":{"line":44,"column":45}}],"line":44},"22":{"loc":{"start":{"line":46,"column":2},"end":{"line":49,"column":null}},"type":"if","locations":[{"start":{"line":46,"column":2},"end":{"line":49,"column":null}},{"start":{},"end":{}}],"line":46},"23":{"loc":{"start":{"line":46,"column":6},"end":{"line":46,"column":49}},"type":"binary-expr","locations":[{"start":{"line":46,"column":6},"end":{"line":46,"column":34}},{"start":{"line":46,"column":34},"end":{"line":46,"column":49}}],"line":46},"24":{"loc":{"start":{"line":48,"column":4},"end":{"line":48,"column":null}},"type":"if","locations":[{"start":{"line":48,"column":4},"end":{"line":48,"column":null}},{"start":{},"end":{}}],"line":48},"25":{"loc":{"start":{"line":48,"column":8},"end":{"line":48,"column":57}},"type":"binary-expr","locations":[{"start":{"line":48,"column":8},"end":{"line":48,"column":41}},{"start":{"line":48,"column":41},"end":{"line":48,"column":57}}],"line":48},"26":{"loc":{"start":{"line":49,"column":4},"end":{"line":49,"column":null}},"type":"if","locations":[{"start":{"line":49,"column":4},"end":{"line":49,"column":null}},{"start":{},"end":{}}],"line":49},"27":{"loc":{"start":{"line":49,"column":8},"end":{"line":49,"column":57}},"type":"binary-expr","locations":[{"start":{"line":49,"column":8},"end":{"line":49,"column":41}},{"start":{"line":49,"column":41},"end":{"line":49,"column":57}}],"line":49}},"s":{"0":1,"1":0,"2":1,"3":1,"4":1,"5":1,"6":0,"7":0,"8":0,"9":0,"10":0,"11":0,"12":0,"13":0,"14":0,"15":0,"16":0,"17":0,"18":0,"19":0,"20":0,"21":0,"22":0,"23":0,"24":0,"25":0,"26":0,"27":0,"28":0,"29":0,"30":0,"31":0,"32":0,"33":0,"34":0,"35":0},"f":{"0":1,"1":0},"b":{"0":[1],"1":[0,1],"2":[1,1],"3":[1,0],"4":[0,0],"5":[0,0],"6":[0,0],"7":[0,0],"8":[0,0],"9":[0,0],"10":[0,0],"11":[0,0],"12":[0,0],"13":[0,0],"14":[0,0],"15":[0,0,0],"16":[0],"17":[0,0],"18":[0,0],"19":[0,0],"20":[0,0],"21":[0,0],"22":[0,0],"23":[0,0],"24":[0,0],"25":[0,0],"26":[0,0],"27":[0,0]},"meta":{"lastBranch":28,"lastFunction":2,"lastStatement":36,"seen":{"f:2:16:2:32":0,"b:2:57:2:104":0,"b:3:2:3:Infinity:undefined:undefined:undefined:undefined":1,"s:3:2:3:Infinity":0,"b:3:6:3:14:3:14:3:39":2,"s:3:39:3:Infinity":1,"s:5:19:5:Infinity":2,"s:6:15:6:Infinity":3,"b:8:2:8:Infinity:undefined:undefined:undefined:undefined":3,"s:8:2:8:Infinity":4,"s:8:13:8:Infinity":5,"b:11:2:11:Infinity:undefined:undefined:undefined:undefined":4,"s:11:2:11:Infinity":6,"b:11:6:11:34:11:34:11:45":5,"s:11:47:11:Infinity":7,"b:13:2:28:Infinity:undefined:undefined:undefined:undefined":6,"s:13:2:28:Infinity":8,"b:13:6:13:34:13:34:13:49":7,"s:14:14:14:Infinity":9,"b:17:4:17:Infinity:undefined:undefined:undefined:undefined":8,"s:17:4:17:Infinity":10,"b:17:8:17:41:17:41:17:57":9,"s:17:59:17:Infinity":11,"b:20:4:20:Infinity:undefined:undefined:undefined:undefined":10,"s:20:4:20:Infinity":12,"b:20:8:20:39:20:39:20:53":11,"s:20:55:20:Infinity":13,"b:23:4:28:Infinity:undefined:undefined:undefined:undefined":12,"s:23:4:28:Infinity":14,"s:24:20:24:Infinity":15,"b:25:6:25:Infinity:undefined:undefined:undefined:undefined":13,"s:25:6:25:Infinity":16,"s:25:37:25:Infinity":17,"b:27:6:28:Infinity:undefined:undefined:undefined:undefined":14,"s:27:6:28:Infinity":18,"b:27:10:27:39:27:39:27:57:27:57:27:117":15,"s:28:8:28:Infinity":19,"s:33:2:33:Infinity":20,"f:37:16:37:34":1,"b:37:59:37:89":16,"b:38:2:38:Infinity:undefined:undefined:undefined:undefined":17,"s:38:2:38:Infinity":21,"b:38:6:38:14:38:14:38:39":18,"s:38:39:38:Infinity":22,"s:40:12:40:Infinity":23,"s:41:15:41:Infinity":24,"b:43:2:43:Infinity:undefined:undefined:undefined:undefined":19,"s:43:2:43:Infinity":25,"s:43:13:43:Infinity":26,"b:44:2:44:Infinity:undefined:undefined:undefined:undefined":20,"s:44:2:44:Infinity":27,"b:44:6:44:34:44:34:44:45":21,"s:44:47:44:Infinity":28,"b:46:2:49:Infinity:undefined:undefined:undefined:undefined":22,"s:46:2:49:Infinity":29,"b:46:6:46:34:46:34:46:49":23,"s:47:14:47:Infinity":30,"b:48:4:48:Infinity:undefined:undefined:undefined:undefined":24,"s:48:4:48:Infinity":31,"b:48:8:48:41:48:41:48:57":25,"s:48:59:48:Infinity":32,"b:49:4:49:Infinity:undefined:undefined:undefined:undefined":26,"s:49:4:49:Infinity":33,"b:49:8:49:41:49:41:49:57":27,"s:49:59:49:Infinity":34,"s:52:2:52:Infinity":35}}}
}
